{
  "0 debug pnpm:scope": {
    "selected": 1,
    "workspacePrefix": "/Users/zheeeng/Workspace/test-symlink-vite-config"
  },
  "1 info pnpm": {
    "err": {
      "name": "Error",
      "message": "Command failed with ENOENT: create vite\nspawn create ENOENT",
      "code": "ENOENT",
      "stack": "Error: Command failed with ENOENT: create vite\nspawn create ENOENT\n    at Process.ChildProcess._handle.onexit (internal/child_process.js:269:19)\n    at onErrorNT (internal/child_process.js:467:16)\n    at processTicksAndRejections (internal/process/task_queues.js:82:21)"
    }
  },
  "2 error pnpm": {
    "errno": -2,
    "code": "ERR_PNPM_RECURSIVE_EXEC_FIRST_FAIL",
    "syscall": "spawn create",
    "path": "create",
    "spawnargs": [
      "vite"
    ],
    "originalMessage": "spawn create ENOENT",
    "shortMessage": "Command failed with ENOENT: create vite\nspawn create ENOENT",
    "command": "create vite",
    "escapedCommand": "create vite",
    "failed": true,
    "timedOut": false,
    "isCanceled": false,
    "killed": false,
    "prefix": "/Users/zheeeng/Workspace/test-symlink-vite-config",
    "err": {
      "name": "Error",
      "message": "Command failed with ENOENT: create vite\nspawn create ENOENT",
      "code": "ERR_PNPM_RECURSIVE_EXEC_FIRST_FAIL",
      "stack": "Error: Command failed with ENOENT: create vite\nspawn create ENOENT\n    at Process.ChildProcess._handle.onexit (internal/child_process.js:269:19)\n    at onErrorNT (internal/child_process.js:467:16)\n    at processTicksAndRejections (internal/process/task_queues.js:82:21)"
    }
  }
}